This file contains any messages produced by compilers while
running configure, to aid debugging if configure makes a mistake.

It was created by PROJ.4 Projections configure 4.9.2, which was
generated by GNU Autoconf 2.69.  Invocation command line was

  $ ./configure --prefix /Users/sdrpa/Development/ATC/Frameworks/PROJ4/proj-4.9.2

## --------- ##
## Platform. ##
## --------- ##

hostname = macbook
uname -m = x86_64
uname -r = 16.5.0
uname -s = Darwin
uname -v = Darwin Kernel Version 16.5.0: Fri Mar  3 16:52:33 PST 2017; root:xnu-3789.51.2~3/RELEASE_X86_64

/usr/bin/uname -p = i386
/bin/uname -X     = unknown

/bin/arch              = unknown
/usr/bin/arch -k       = unknown
/usr/convex/getsysinfo = unknown
/usr/bin/hostinfo      = Mach kernel version:
	 Darwin Kernel Version 16.5.0: Fri Mar  3 16:52:33 PST 2017; root:xnu-3789.51.2~3/RELEASE_X86_64
Kernel configured for up to 8 processors.
4 processors are physically available.
8 processors are logically available.
Processor type: x86_64h (Intel x86-64h Haswell)
Processors active: 0 1 2 3 4 5 6 7
Primary memory available: 16.00 gigabytes
Default processor set: 385 tasks, 1470 threads, 8 processors
Load average: 1.69, Mach factor: 6.30
/bin/machine           = unknown
/usr/bin/oslevel       = unknown
/bin/universe          = unknown

PATH: /Users/sdrpa/Library/Haskell/bin
PATH: /usr/local/bin
PATH: /usr/bin
PATH: /bin
PATH: /usr/sbin
PATH: /sbin
PATH: /opt/X11/bin
PATH: /usr/local/share/dotnet
PATH: /usr/local/MacGPG2/bin


## ----------- ##
## Core tests. ##
## ----------- ##

configure:2318: checking for a BSD-compatible install
configure:2386: result: /usr/local/bin/ginstall -c
configure:2397: checking whether build environment is sane
configure:2452: result: yes
configure:2490: WARNING: 'missing' script is too old or missing
configure:2603: checking for a thread-safe mkdir -p
configure:2642: result: /usr/local/bin/gmkdir -p
configure:2649: checking for gawk
configure:2679: result: no
configure:2649: checking for mawk
configure:2679: result: no
configure:2649: checking for nawk
configure:2679: result: no
configure:2649: checking for awk
configure:2665: found /usr/bin/awk
configure:2676: result: awk
configure:2687: checking whether make sets $(MAKE)
configure:2709: result: yes
configure:2738: checking whether make supports nested variables
configure:2755: result: yes
configure:2881: checking whether to enable maintainer-specific portions of Makefiles
configure:2890: result: no
configure:2918: checking for style of include used by make
configure:2946: result: GNU
configure:3017: checking for gcc
configure:3033: found /usr/bin/gcc
configure:3044: result: gcc
configure:3273: checking for C compiler version
configure:3282: gcc --version >&5
Apple LLVM version 8.1.0 (clang-802.0.38)
Target: x86_64-apple-darwin16.5.0
Thread model: posix
InstalledDir: /Applications/Xcode.app/Contents/Developer/Toolchains/XcodeDefault.xctoolchain/usr/bin
Configured with: --prefix=/Applications/Xcode.app/Contents/Developer/usr --with-gxx-include-dir=/Applications/Xcode.app/Contents/Developer/Platforms/MacOSX.platform/Developer/SDKs/MacOSX10.12.sdk/usr/include/c++/4.2.1
configure:3293: $? = 0
configure:3282: gcc -v >&5
Configured with: --prefix=/Applications/Xcode.app/Contents/Developer/usr --with-gxx-include-dir=/Applications/Xcode.app/Contents/Developer/Platforms/MacOSX.platform/Developer/SDKs/MacOSX10.12.sdk/usr/include/c++/4.2.1
Apple LLVM version 8.1.0 (clang-802.0.38)
Target: x86_64-apple-darwin16.5.0
Thread model: posix
InstalledDir: /Applications/Xcode.app/Contents/Developer/Toolchains/XcodeDefault.xctoolchain/usr/bin
configure:3293: $? = 0
configure:3282: gcc -V >&5
clang: error: argument to '-V' is missing (expected 1 value)
clang: error: no input files
configure:3293: $? = 1
configure:3282: gcc -qversion >&5
clang: error: unknown argument: '-qversion'
clang: error: no input files
configure:3293: $? = 1
configure:3313: checking whether the C compiler works
configure:3335: gcc    conftest.c  >&5
configure:3339: $? = 0
configure:3387: result: yes
configure:3390: checking for C compiler default output file name
configure:3392: result: a.out
configure:3398: checking for suffix of executables
configure:3405: gcc -o conftest    conftest.c  >&5
configure:3409: $? = 0
configure:3431: result: 
configure:3453: checking whether we are cross compiling
configure:3461: gcc -o conftest    conftest.c  >&5
configure:3465: $? = 0
configure:3472: ./conftest
configure:3476: $? = 0
configure:3491: result: no
configure:3496: checking for suffix of object files
configure:3518: gcc -c   conftest.c >&5
configure:3522: $? = 0
configure:3543: result: o
configure:3547: checking whether we are using the GNU C compiler
configure:3566: gcc -c   conftest.c >&5
configure:3566: $? = 0
configure:3575: result: yes
configure:3584: checking whether gcc accepts -g
configure:3604: gcc -c -g  conftest.c >&5
configure:3604: $? = 0
configure:3645: result: yes
configure:3662: checking for gcc option to accept ISO C89
configure:3725: gcc  -c -g -O2  conftest.c >&5
configure:3725: $? = 0
configure:3738: result: none needed
configure:3763: checking whether gcc understands -c and -o together
configure:3785: gcc -c conftest.c -o conftest2.o
configure:3788: $? = 0
configure:3785: gcc -c conftest.c -o conftest2.o
configure:3788: $? = 0
configure:3800: result: yes
configure:3819: checking dependency style of gcc
configure:3930: result: gcc3
configure:3946: checking C_WFLAGS for maximum warnings
configure:3973: gcc -c -g -O2 -pedantic -Wdeclaration-after-statement  -Wall -Wdeclaration-after-statement  conftest.c >&5
configure:3973: $? = 0
configure:3987: result: -Wall -Wdeclaration-after-statement
configure:4000: : C_WFLAGS="$C_WFLAGS $ac_cv_cflags_warn_all"
configure:4003: $? = 0
configure:4061: checking for gcc
configure:4088: result: gcc
configure:4317: checking for C compiler version
configure:4326: gcc --version >&5
Apple LLVM version 8.1.0 (clang-802.0.38)
Target: x86_64-apple-darwin16.5.0
Thread model: posix
InstalledDir: /Applications/Xcode.app/Contents/Developer/Toolchains/XcodeDefault.xctoolchain/usr/bin
Configured with: --prefix=/Applications/Xcode.app/Contents/Developer/usr --with-gxx-include-dir=/Applications/Xcode.app/Contents/Developer/Platforms/MacOSX.platform/Developer/SDKs/MacOSX10.12.sdk/usr/include/c++/4.2.1
configure:4337: $? = 0
configure:4326: gcc -v >&5
Configured with: --prefix=/Applications/Xcode.app/Contents/Developer/usr --with-gxx-include-dir=/Applications/Xcode.app/Contents/Developer/Platforms/MacOSX.platform/Developer/SDKs/MacOSX10.12.sdk/usr/include/c++/4.2.1
Apple LLVM version 8.1.0 (clang-802.0.38)
Target: x86_64-apple-darwin16.5.0
Thread model: posix
InstalledDir: /Applications/Xcode.app/Contents/Developer/Toolchains/XcodeDefault.xctoolchain/usr/bin
configure:4337: $? = 0
configure:4326: gcc -V >&5
clang: error: argument to '-V' is missing (expected 1 value)
clang: error: no input files
configure:4337: $? = 1
configure:4326: gcc -qversion >&5
clang: error: unknown argument: '-qversion'
clang: error: no input files
configure:4337: $? = 1
configure:4341: checking whether we are using the GNU C compiler
configure:4369: result: yes
configure:4378: checking whether gcc accepts -g
configure:4439: result: yes
configure:4456: checking for gcc option to accept ISO C89
configure:4532: result: none needed
configure:4557: checking whether gcc understands -c and -o together
configure:4594: result: yes
configure:4613: checking dependency style of gcc
configure:4724: result: gcc3
configure:4740: checking whether ln -s works
configure:4744: result: yes
configure:4751: checking whether make sets $(MAKE)
configure:4773: result: yes
configure:4811: checking build system type
configure:4825: result: x86_64-apple-darwin16.5.0
configure:4845: checking host system type
configure:4858: result: x86_64-apple-darwin16.5.0
configure:4899: checking how to print strings
configure:4926: result: printf
configure:4947: checking for a sed that does not truncate output
configure:5011: result: /usr/local/bin/sed
configure:5029: checking for grep that handles long lines and -e
configure:5087: result: /usr/local/bin/ggrep
configure:5092: checking for egrep
configure:5154: result: /usr/local/bin/ggrep -E
configure:5159: checking for fgrep
configure:5221: result: /usr/local/bin/ggrep -F
configure:5256: checking for ld used by gcc
configure:5323: result: /Applications/Xcode.app/Contents/Developer/Toolchains/XcodeDefault.xctoolchain/usr/bin/ld
configure:5330: checking if the linker (/Applications/Xcode.app/Contents/Developer/Toolchains/XcodeDefault.xctoolchain/usr/bin/ld) is GNU ld
configure:5345: result: no
configure:5357: checking for BSD- or MS-compatible name lister (nm)
configure:5406: result: /usr/bin/nm -B
configure:5536: checking the name lister (/usr/bin/nm -B) interface
configure:5543: gcc -c -g -O2  conftest.c >&5
configure:5546: /usr/bin/nm -B "conftest.o"
configure:5549: output
0000000000000208 S _some_variable
configure:5556: result: BSD nm
configure:5560: checking the maximum length of command line arguments
configure:5691: result: 196608
configure:5708: checking whether the shell understands some XSI constructs
configure:5718: result: yes
configure:5722: checking whether the shell understands "+="
configure:5728: result: yes
configure:5763: checking how to convert x86_64-apple-darwin16.5.0 file names to x86_64-apple-darwin16.5.0 format
configure:5803: result: func_convert_file_noop
configure:5810: checking how to convert x86_64-apple-darwin16.5.0 file names to toolchain format
configure:5830: result: func_convert_file_noop
configure:5837: checking for /Applications/Xcode.app/Contents/Developer/Toolchains/XcodeDefault.xctoolchain/usr/bin/ld option to reload object files
configure:5844: result: -r
configure:5918: checking for objdump
configure:5934: found /usr/bin/objdump
configure:5945: result: objdump
configure:5977: checking how to recognize dependent libraries
configure:6175: result: pass_all
configure:6260: checking for dlltool
configure:6290: result: no
configure:6320: checking how to associate runtime and link libraries
configure:6347: result: printf %s\n
configure:6407: checking for ar
configure:6423: found /usr/bin/ar
configure:6434: result: ar
configure:6471: checking for archiver @FILE support
configure:6488: gcc -c -g -O2  conftest.c >&5
configure:6488: $? = 0
configure:6491: ar cru libconftest.a @conftest.lst >&5
ar: @conftest.lst: No such file or directory
configure:6494: $? = 1
configure:6514: result: no
configure:6572: checking for strip
configure:6588: found /usr/bin/strip
configure:6599: result: strip
configure:6671: checking for ranlib
configure:6687: found /usr/bin/ranlib
configure:6698: result: ranlib
configure:6800: checking command to parse /usr/bin/nm -B output from gcc object
configure:6920: gcc -c -g -O2  conftest.c >&5
configure:6923: $? = 0
configure:6927: /usr/bin/nm -B conftest.o \| sed -n -e 's/^.*[ ]\([BCDEGRST][BCDEGRST]*\)[ ][ ]*\([_A-Za-z][_A-Za-z0-9]*\)$/\1 \2 \2/p' | sed '/ __gnu_lto/d' \> conftest.nm
configure:6930: $? = 0
cannot find nm_test_var in conftest.nm
configure:6920: gcc -c -g -O2  conftest.c >&5
configure:6923: $? = 0
configure:6927: /usr/bin/nm -B conftest.o \| sed -n -e 's/^.*[ ]\([BCDEGRST][BCDEGRST]*\)[ ][ ]*_\([_A-Za-z][_A-Za-z0-9]*\)$/\1 _\2 \2/p' | sed '/ __gnu_lto/d' \> conftest.nm
configure:6930: $? = 0
configure:6996: gcc -o conftest -g -O2   conftest.c conftstm.o >&5
warning: (x86_64)  could not find object file symbol for symbol _main
configure:6999: $? = 0
configure:7037: result: ok
configure:7074: checking for sysroot
configure:7104: result: no
configure:7373: checking for mt
configure:7403: result: no
configure:7423: checking if : is a manifest tool
configure:7429: : '-?'
configure:7437: result: no
configure:7493: checking for dsymutil
configure:7509: found /usr/bin/dsymutil
configure:7520: result: dsymutil
configure:7585: checking for nmedit
configure:7601: found /usr/bin/nmedit
configure:7612: result: nmedit
configure:7677: checking for lipo
configure:7693: found /usr/bin/lipo
configure:7704: result: lipo
configure:7769: checking for otool
configure:7785: found /usr/bin/otool
configure:7796: result: otool
configure:7861: checking for otool64
configure:7891: result: no
configure:7936: checking for -single_module linker flag
gcc -g -O2  -o libconftest.dylib -dynamiclib -Wl,-single_module conftest.c
configure:7969: result: yes
configure:7972: checking for -exported_symbols_list linker flag
configure:7992: gcc -o conftest -g -O2   -Wl,-exported_symbols_list,conftest.sym conftest.c  >&5
configure:7992: $? = 0
configure:8002: result: yes
configure:8005: checking for -force_load linker flag
gcc -g -O2 -c -o conftest.o conftest.c
ar cru libconftest.a conftest.o
ranlib libconftest.a
gcc -g -O2  -o conftest conftest.c -Wl,-force_load,./libconftest.a
configure:8037: result: yes
configure:8079: checking how to run the C preprocessor
configure:8110: gcc -E  conftest.c
configure:8110: $? = 0
configure:8124: gcc -E  conftest.c
conftest.c:11:10: fatal error: 'ac_nonexistent.h' file not found
#include <ac_nonexistent.h>
         ^
1 error generated.
configure:8124: $? = 1
configure: failed program was:
| /* confdefs.h */
| #define PACKAGE_NAME "PROJ.4 Projections"
| #define PACKAGE_TARNAME "proj"
| #define PACKAGE_VERSION "4.9.2"
| #define PACKAGE_STRING "PROJ.4 Projections 4.9.2"
| #define PACKAGE_BUGREPORT "warmerdam@pobox.com"
| #define PACKAGE_URL ""
| #define PACKAGE "proj"
| #define VERSION "4.9.2"
| /* end confdefs.h.  */
| #include <ac_nonexistent.h>
configure:8149: result: gcc -E
configure:8169: gcc -E  conftest.c
configure:8169: $? = 0
configure:8183: gcc -E  conftest.c
conftest.c:11:10: fatal error: 'ac_nonexistent.h' file not found
#include <ac_nonexistent.h>
         ^
1 error generated.
configure:8183: $? = 1
configure: failed program was:
| /* confdefs.h */
| #define PACKAGE_NAME "PROJ.4 Projections"
| #define PACKAGE_TARNAME "proj"
| #define PACKAGE_VERSION "4.9.2"
| #define PACKAGE_STRING "PROJ.4 Projections 4.9.2"
| #define PACKAGE_BUGREPORT "warmerdam@pobox.com"
| #define PACKAGE_URL ""
| #define PACKAGE "proj"
| #define VERSION "4.9.2"
| /* end confdefs.h.  */
| #include <ac_nonexistent.h>
configure:8212: checking for ANSI C header files
configure:8232: gcc -c -g -O2  conftest.c >&5
configure:8232: $? = 0
configure:8305: gcc -o conftest -g -O2   conftest.c  >&5
configure:8305: $? = 0
configure:8305: ./conftest
configure:8305: $? = 0
configure:8316: result: yes
configure:8329: checking for sys/types.h
configure:8329: gcc -c -g -O2  conftest.c >&5
configure:8329: $? = 0
configure:8329: result: yes
configure:8329: checking for sys/stat.h
configure:8329: gcc -c -g -O2  conftest.c >&5
configure:8329: $? = 0
configure:8329: result: yes
configure:8329: checking for stdlib.h
configure:8329: gcc -c -g -O2  conftest.c >&5
configure:8329: $? = 0
configure:8329: result: yes
configure:8329: checking for string.h
configure:8329: gcc -c -g -O2  conftest.c >&5
configure:8329: $? = 0
configure:8329: result: yes
configure:8329: checking for memory.h
configure:8329: gcc -c -g -O2  conftest.c >&5
configure:8329: $? = 0
configure:8329: result: yes
configure:8329: checking for strings.h
configure:8329: gcc -c -g -O2  conftest.c >&5
configure:8329: $? = 0
configure:8329: result: yes
configure:8329: checking for inttypes.h
configure:8329: gcc -c -g -O2  conftest.c >&5
configure:8329: $? = 0
configure:8329: result: yes
configure:8329: checking for stdint.h
configure:8329: gcc -c -g -O2  conftest.c >&5
configure:8329: $? = 0
configure:8329: result: yes
configure:8329: checking for unistd.h
configure:8329: gcc -c -g -O2  conftest.c >&5
configure:8329: $? = 0
configure:8329: result: yes
configure:8343: checking for dlfcn.h
configure:8343: gcc -c -g -O2  conftest.c >&5
configure:8343: $? = 0
configure:8343: result: yes
configure:8549: checking for objdir
configure:8564: result: .libs
configure:8835: checking if gcc supports -fno-rtti -fno-exceptions
configure:8853: gcc -c -g -O2  -fno-rtti -fno-exceptions conftest.c >&5
configure:8857: $? = 0
configure:8870: result: yes
configure:9197: checking for gcc option to produce PIC
configure:9204: result: -fno-common -DPIC
configure:9212: checking if gcc PIC flag -fno-common -DPIC works
configure:9230: gcc -c -g -O2  -fno-common -DPIC -DPIC conftest.c >&5
configure:9234: $? = 0
configure:9247: result: yes
configure:9276: checking if gcc static flag -static works
configure:9304: result: no
configure:9319: checking if gcc supports -c -o file.o
configure:9340: gcc -c -g -O2  -o out/conftest2.o conftest.c >&5
configure:9344: $? = 0
configure:9366: result: yes
configure:9374: checking if gcc supports -c -o file.o
configure:9421: result: yes
configure:9454: checking whether the gcc linker (/Applications/Xcode.app/Contents/Developer/Toolchains/XcodeDefault.xctoolchain/usr/bin/ld) supports shared libraries
configure:10611: result: yes
configure:10851: checking dynamic linker characteristics
configure:11585: result: darwin16.5.0 dyld
configure:11692: checking how to hardcode library paths into programs
configure:11717: result: immediate
configure:12257: checking whether stripping libraries is possible
configure:12271: result: yes
configure:12297: checking if libtool supports shared libraries
configure:12299: result: yes
configure:12302: checking whether to build shared libraries
configure:12323: result: yes
configure:12326: checking whether to build static libraries
configure:12330: result: yes
configure:12368: checking for exp in -lm
configure:12393: gcc -o conftest -g -O2   conftest.c -lm   >&5
conftest.c:30:6: warning: incompatible redeclaration of library function 'exp' [-Wincompatible-library-redeclaration]
char exp ();
     ^
conftest.c:30:6: note: 'exp' is a builtin with type 'double (double)'
1 warning generated.
configure:12393: $? = 0
configure:12402: result: yes
configure:12414: checking for ANSI C header files
configure:12518: result: yes
configure:12527: checking for localeconv
configure:12527: gcc -o conftest -g -O2   conftest.c -lm  >&5
configure:12527: $? = 0
configure:12527: result: yes
configure:12579: checking jni.h usability
configure:12579: gcc -c -g -O2  conftest.c >&5
conftest.c:59:10: fatal error: 'jni.h' file not found
#include <jni.h>
         ^
1 error generated.
configure:12579: $? = 1
configure: failed program was:
| /* confdefs.h */
| #define PACKAGE_NAME "PROJ.4 Projections"
| #define PACKAGE_TARNAME "proj"
| #define PACKAGE_VERSION "4.9.2"
| #define PACKAGE_STRING "PROJ.4 Projections 4.9.2"
| #define PACKAGE_BUGREPORT "warmerdam@pobox.com"
| #define PACKAGE_URL ""
| #define PACKAGE "proj"
| #define VERSION "4.9.2"
| #define STDC_HEADERS 1
| #define HAVE_SYS_TYPES_H 1
| #define HAVE_SYS_STAT_H 1
| #define HAVE_STDLIB_H 1
| #define HAVE_STRING_H 1
| #define HAVE_MEMORY_H 1
| #define HAVE_STRINGS_H 1
| #define HAVE_INTTYPES_H 1
| #define HAVE_STDINT_H 1
| #define HAVE_UNISTD_H 1
| #define HAVE_DLFCN_H 1
| #define LT_OBJDIR ".libs/"
| #define HAVE_LIBM 1
| #define STDC_HEADERS 1
| #define HAVE_LOCALECONV 1
| /* end confdefs.h.  */
| #include <stdio.h>
| #ifdef HAVE_SYS_TYPES_H
| # include <sys/types.h>
| #endif
| #ifdef HAVE_SYS_STAT_H
| # include <sys/stat.h>
| #endif
| #ifdef STDC_HEADERS
| # include <stdlib.h>
| # include <stddef.h>
| #else
| # ifdef HAVE_STDLIB_H
| #  include <stdlib.h>
| # endif
| #endif
| #ifdef HAVE_STRING_H
| # if !defined STDC_HEADERS && defined HAVE_MEMORY_H
| #  include <memory.h>
| # endif
| # include <string.h>
| #endif
| #ifdef HAVE_STRINGS_H
| # include <strings.h>
| #endif
| #ifdef HAVE_INTTYPES_H
| # include <inttypes.h>
| #endif
| #ifdef HAVE_STDINT_H
| # include <stdint.h>
| #endif
| #ifdef HAVE_UNISTD_H
| # include <unistd.h>
| #endif
| #include <jni.h>
configure:12579: result: no
configure:12579: checking jni.h presence
configure:12579: gcc -E  conftest.c
conftest.c:26:10: fatal error: 'jni.h' file not found
#include <jni.h>
         ^
1 error generated.
configure:12579: $? = 1
configure: failed program was:
| /* confdefs.h */
| #define PACKAGE_NAME "PROJ.4 Projections"
| #define PACKAGE_TARNAME "proj"
| #define PACKAGE_VERSION "4.9.2"
| #define PACKAGE_STRING "PROJ.4 Projections 4.9.2"
| #define PACKAGE_BUGREPORT "warmerdam@pobox.com"
| #define PACKAGE_URL ""
| #define PACKAGE "proj"
| #define VERSION "4.9.2"
| #define STDC_HEADERS 1
| #define HAVE_SYS_TYPES_H 1
| #define HAVE_SYS_STAT_H 1
| #define HAVE_STDLIB_H 1
| #define HAVE_STRING_H 1
| #define HAVE_MEMORY_H 1
| #define HAVE_STRINGS_H 1
| #define HAVE_INTTYPES_H 1
| #define HAVE_STDINT_H 1
| #define HAVE_UNISTD_H 1
| #define HAVE_DLFCN_H 1
| #define LT_OBJDIR ".libs/"
| #define HAVE_LIBM 1
| #define STDC_HEADERS 1
| #define HAVE_LOCALECONV 1
| /* end confdefs.h.  */
| #include <jni.h>
configure:12579: result: no
configure:12579: checking for jni.h
configure:12579: result: no
configure:12590: checking whether to enable Java/JNI support
configure:12594: result: disabled
configure:12623: checking for mutexes
configure:12628: checking for pthread_create in -lpthread
configure:12653: gcc -o conftest -g -O2   conftest.c -lpthread  -lm  >&5
configure:12653: $? = 0
configure:12662: result: yes
configure:12671: checking for pthread_mutexattr_settype in -lpthread
configure:12696: gcc -o conftest -g -O2   conftest.c -lpthread  -lm  >&5
configure:12696: $? = 0
configure:12705: result: yes
configure:12716: checking whether PTHREAD_MUTEX_RECURSIVE is declared
configure:12716: gcc -c -g -O2  conftest.c >&5
configure:12716: $? = 0
configure:12716: result: yes
configure:12724: result: enabled, pthread
configure:12847: checking that generated files are newer than configure
configure:12853: result: done
configure:12884: creating ./config.status

## ---------------------- ##
## Running config.status. ##
## ---------------------- ##

This file was extended by PROJ.4 Projections config.status 4.9.2, which was
generated by GNU Autoconf 2.69.  Invocation command line was

  CONFIG_FILES    = 
  CONFIG_HEADERS  = 
  CONFIG_LINKS    = 
  CONFIG_COMMANDS = 
  $ ./config.status 

on macbook

config.status:1098: creating Makefile
config.status:1098: creating cmake/Makefile
config.status:1098: creating src/Makefile
config.status:1098: creating man/Makefile
config.status:1098: creating man/man1/Makefile
config.status:1098: creating man/man3/Makefile
config.status:1098: creating nad/Makefile
config.status:1098: creating jniwrap/Makefile
config.status:1098: creating jniwrap/org/Makefile
config.status:1098: creating jniwrap/org/proj4/Makefile
config.status:1098: creating src/proj_config.h
config.status:1279: src/proj_config.h is unchanged
config.status:1327: executing depfiles commands
config.status:1327: executing libtool commands
configure:15228: checking that generated files are newer than configure
configure:15234: result: done
configure:15269: creating ./config.status

## ---------------------- ##
## Running config.status. ##
## ---------------------- ##

This file was extended by PROJ.4 Projections config.status 4.9.2, which was
generated by GNU Autoconf 2.69.  Invocation command line was

  CONFIG_FILES    = 
  CONFIG_HEADERS  = 
  CONFIG_LINKS    = 
  CONFIG_COMMANDS = 
  $ ./config.status 

on macbook

config.status:1100: creating Makefile
config.status:1100: creating cmake/Makefile
config.status:1100: creating src/Makefile
config.status:1100: creating man/Makefile
config.status:1100: creating man/man1/Makefile
config.status:1100: creating man/man3/Makefile
config.status:1100: creating nad/Makefile
config.status:1100: creating jniwrap/Makefile
config.status:1100: creating jniwrap/org/Makefile
config.status:1100: creating jniwrap/org/proj4/Makefile
config.status:1100: creating proj.pc
config.status:1100: creating src/proj_config.h
config.status:1281: src/proj_config.h is unchanged
config.status:1329: executing depfiles commands
config.status:1329: executing libtool commands

## ---------------- ##
## Cache variables. ##
## ---------------- ##

ac_cv_build=x86_64-apple-darwin16.5.0
ac_cv_c_compiler_gnu=yes
ac_cv_cflags_warn_all='-Wall -Wdeclaration-after-statement'
ac_cv_env_CC_set=
ac_cv_env_CC_value=
ac_cv_env_CFLAGS_set=
ac_cv_env_CFLAGS_value=
ac_cv_env_CPPFLAGS_set=
ac_cv_env_CPPFLAGS_value=
ac_cv_env_CPP_set=
ac_cv_env_CPP_value=
ac_cv_env_LDFLAGS_set=
ac_cv_env_LDFLAGS_value=
ac_cv_env_LIBS_set=
ac_cv_env_LIBS_value=
ac_cv_env_build_alias_set=
ac_cv_env_build_alias_value=
ac_cv_env_host_alias_set=
ac_cv_env_host_alias_value=
ac_cv_env_target_alias_set=
ac_cv_env_target_alias_value=
ac_cv_func_localeconv=yes
ac_cv_have_decl_PTHREAD_MUTEX_RECURSIVE=yes
ac_cv_header_dlfcn_h=yes
ac_cv_header_inttypes_h=yes
ac_cv_header_jni_h=no
ac_cv_header_memory_h=yes
ac_cv_header_stdc=yes
ac_cv_header_stdint_h=yes
ac_cv_header_stdlib_h=yes
ac_cv_header_string_h=yes
ac_cv_header_strings_h=yes
ac_cv_header_sys_stat_h=yes
ac_cv_header_sys_types_h=yes
ac_cv_header_unistd_h=yes
ac_cv_host=x86_64-apple-darwin16.5.0
ac_cv_lib_m_exp=yes
ac_cv_lib_pthread_pthread_create=yes
ac_cv_lib_pthread_pthread_mutexattr_settype=yes
ac_cv_objext=o
ac_cv_path_EGREP='/usr/local/bin/ggrep -E'
ac_cv_path_FGREP='/usr/local/bin/ggrep -F'
ac_cv_path_GREP=/usr/local/bin/ggrep
ac_cv_path_SED=/usr/local/bin/sed
ac_cv_path_install='/usr/local/bin/ginstall -c'
ac_cv_path_mkdir=/usr/local/bin/gmkdir
ac_cv_prog_AWK=awk
ac_cv_prog_CPP='gcc -E'
ac_cv_prog_ac_ct_AR=ar
ac_cv_prog_ac_ct_CC=gcc
ac_cv_prog_ac_ct_DSYMUTIL=dsymutil
ac_cv_prog_ac_ct_LIPO=lipo
ac_cv_prog_ac_ct_NMEDIT=nmedit
ac_cv_prog_ac_ct_OBJDUMP=objdump
ac_cv_prog_ac_ct_OTOOL=otool
ac_cv_prog_ac_ct_RANLIB=ranlib
ac_cv_prog_ac_ct_STRIP=strip
ac_cv_prog_cc_c89=
ac_cv_prog_cc_g=yes
ac_cv_prog_make_make_set=yes
am_cv_CC_dependencies_compiler_type=gcc3
am_cv_make_support_nested_variables=yes
am_cv_prog_cc_c_o=yes
lt_cv_apple_cc_single_mod=yes
lt_cv_ar_at_file=no
lt_cv_deplibs_check_method=pass_all
lt_cv_file_magic_cmd='$MAGIC_CMD'
lt_cv_file_magic_test_file=
lt_cv_ld_exported_symbols_list=yes
lt_cv_ld_force_load=yes
lt_cv_ld_reload_flag=-r
lt_cv_nm_interface='BSD nm'
lt_cv_objdir=.libs
lt_cv_path_LD=/Applications/Xcode.app/Contents/Developer/Toolchains/XcodeDefault.xctoolchain/usr/bin/ld
lt_cv_path_NM='/usr/bin/nm -B'
lt_cv_path_mainfest_tool=no
lt_cv_prog_compiler_c_o=yes
lt_cv_prog_compiler_pic='-fno-common -DPIC'
lt_cv_prog_compiler_pic_works=yes
lt_cv_prog_compiler_rtti_exceptions=yes
lt_cv_prog_compiler_static_works=no
lt_cv_prog_gnu_ld=no
lt_cv_sharedlib_from_linklib_cmd='printf %s\n'
lt_cv_sys_global_symbol_pipe='sed -n -e '\''s/^.*[	 ]\([BCDEGRST][BCDEGRST]*\)[	 ][	 ]*_\([_A-Za-z][_A-Za-z0-9]*\)$/\1 _\2 \2/p'\'' | sed '\''/ __gnu_lto/d'\'''
lt_cv_sys_global_symbol_to_c_name_address='sed -n -e '\''s/^: \([^ ]*\)[ ]*$/  {\"\1\", (void *) 0},/p'\'' -e '\''s/^[BCDEGRST]* \([^ ]*\) \([^ ]*\)$/  {"\2", (void *) \&\2},/p'\'''
lt_cv_sys_global_symbol_to_c_name_address_lib_prefix='sed -n -e '\''s/^: \([^ ]*\)[ ]*$/  {\"\1\", (void *) 0},/p'\'' -e '\''s/^[BCDEGRST]* \([^ ]*\) \(lib[^ ]*\)$/  {"\2", (void *) \&\2},/p'\'' -e '\''s/^[BCDEGRST]* \([^ ]*\) \([^ ]*\)$/  {"lib\2", (void *) \&\2},/p'\'''
lt_cv_sys_global_symbol_to_cdecl='sed -n -e '\''s/^T .* \(.*\)$/extern int \1();/p'\'' -e '\''s/^[BCDEGRST]* .* \(.*\)$/extern char \1;/p'\'''
lt_cv_sys_max_cmd_len=196608
lt_cv_to_host_file_cmd=func_convert_file_noop
lt_cv_to_tool_file_cmd=func_convert_file_noop

## ----------------- ##
## Output variables. ##
## ----------------- ##

ACLOCAL='aclocal-1.14'
AMDEPBACKSLASH='\'
AMDEP_FALSE='#'
AMDEP_TRUE=''
AMTAR='$${TAR-tar}'
AM_BACKSLASH='\'
AM_DEFAULT_V='$(AM_DEFAULT_VERBOSITY)'
AM_DEFAULT_VERBOSITY='1'
AM_V='$(V)'
AR='ar'
AUTOCONF='autoconf'
AUTOHEADER='autoheader'
AUTOMAKE='automake-1.14'
AWK='awk'
CC='gcc'
CCDEPMODE='depmode=gcc3'
CFLAGS='-g -O2'
CPP='gcc -E'
CPPFLAGS=''
CYGPATH_W='echo'
C_WFLAGS=' -Wall -Wdeclaration-after-statement'
DEFS='-DHAVE_CONFIG_H'
DEPDIR='.deps'
DLLTOOL='false'
DSYMUTIL='dsymutil'
DUMPBIN=''
ECHO_C='\c'
ECHO_N=''
ECHO_T=''
EGREP='/usr/local/bin/ggrep -E'
EXEEXT=''
FGREP='/usr/local/bin/ggrep -F'
GREP='/usr/local/bin/ggrep'
INSTALL_DATA='${INSTALL} -m 644'
INSTALL_PROGRAM='${INSTALL}'
INSTALL_SCRIPT='${INSTALL}'
INSTALL_STRIP_PROGRAM='$(install_sh) -c -s'
JNI_INCLUDE=''
LD='/Applications/Xcode.app/Contents/Developer/Toolchains/XcodeDefault.xctoolchain/usr/bin/ld'
LDFLAGS=''
LIBOBJS=''
LIBS='-lpthread -lm '
LIBTOOL='$(SHELL) $(top_builddir)/libtool'
LIPO='lipo'
LN_S='ln -s'
LTLIBOBJS=''
MAINT='#'
MAINTAINER_MODE_FALSE=''
MAINTAINER_MODE_TRUE='#'
MAKEINFO='makeinfo'
MANIFEST_TOOL=':'
MKDIR_P='/usr/local/bin/gmkdir -p'
MUTEX_SETTING='pthread'
NM='/usr/bin/nm -B'
NMEDIT='nmedit'
OBJDUMP='objdump'
OBJEXT='o'
OTOOL64=':'
OTOOL='otool'
PACKAGE='proj'
PACKAGE_BUGREPORT='warmerdam@pobox.com'
PACKAGE_NAME='PROJ.4 Projections'
PACKAGE_STRING='PROJ.4 Projections 4.9.2'
PACKAGE_TARNAME='proj'
PACKAGE_URL=''
PACKAGE_VERSION='4.9.2'
PATH_SEPARATOR=':'
RANLIB='ranlib'
SED='/usr/local/bin/sed'
SET_MAKE=''
SHELL='/bin/sh'
STRIP='strip'
THREAD_LIB='-lpthread'
VERSION='4.9.2'
ac_ct_AR='ar'
ac_ct_CC='gcc'
ac_ct_DUMPBIN=''
am__EXEEXT_FALSE=''
am__EXEEXT_TRUE='#'
am__fastdepCC_FALSE='#'
am__fastdepCC_TRUE=''
am__include='include'
am__isrc=''
am__leading_dot='.'
am__nodep='_no'
am__quote=''
am__tar='$${TAR-tar} chof - "$$tardir"'
am__untar='$${TAR-tar} xf -'
bindir='${exec_prefix}/bin'
build='x86_64-apple-darwin16.5.0'
build_alias=''
build_cpu='x86_64'
build_os='darwin16.5.0'
build_vendor='apple'
datadir='${datarootdir}'
datarootdir='${prefix}/share'
docdir='${datarootdir}/doc/${PACKAGE_TARNAME}'
dvidir='${docdir}'
exec_prefix='${prefix}'
host='x86_64-apple-darwin16.5.0'
host_alias=''
host_cpu='x86_64'
host_os='darwin16.5.0'
host_vendor='apple'
htmldir='${docdir}'
includedir='${prefix}/include'
infodir='${datarootdir}/info'
install_sh='${SHELL} /Users/sdrpa/Development/ATC/Frameworks/PROJ4/proj-4.9.2/install-sh'
libdir='${exec_prefix}/lib'
libexecdir='${exec_prefix}/libexec'
localedir='${datarootdir}/locale'
localstatedir='${prefix}/var'
mandir='${datarootdir}/man'
mkdir_p='$(MKDIR_P)'
oldincludedir='/usr/include'
pdfdir='${docdir}'
prefix='/Users/sdrpa/Development/ATC/Frameworks/PROJ4/proj-4.9.2'
program_transform_name='s,x,x,'
psdir='${docdir}'
sbindir='${exec_prefix}/sbin'
sharedstatedir='${prefix}/com'
sysconfdir='${prefix}/etc'
target_alias=''

## ----------- ##
## confdefs.h. ##
## ----------- ##

/* confdefs.h */
#define PACKAGE_NAME "PROJ.4 Projections"
#define PACKAGE_TARNAME "proj"
#define PACKAGE_VERSION "4.9.2"
#define PACKAGE_STRING "PROJ.4 Projections 4.9.2"
#define PACKAGE_BUGREPORT "warmerdam@pobox.com"
#define PACKAGE_URL ""
#define PACKAGE "proj"
#define VERSION "4.9.2"
#define STDC_HEADERS 1
#define HAVE_SYS_TYPES_H 1
#define HAVE_SYS_STAT_H 1
#define HAVE_STDLIB_H 1
#define HAVE_STRING_H 1
#define HAVE_MEMORY_H 1
#define HAVE_STRINGS_H 1
#define HAVE_INTTYPES_H 1
#define HAVE_STDINT_H 1
#define HAVE_UNISTD_H 1
#define HAVE_DLFCN_H 1
#define LT_OBJDIR ".libs/"
#define HAVE_LIBM 1
#define STDC_HEADERS 1
#define HAVE_LOCALECONV 1
#define HAVE_LIBPTHREAD 1
#define HAVE_PTHREAD_MUTEX_RECURSIVE /**/

configure: exit 0
